<?xml version="1.0" encoding="UTF-8"?>
<!-- Generated by org.testng.reporters.JUnitXMLReporter -->
<testsuite hostname="IFOCUSODC-PC47" name="Test2" tests="4" failures="0" timestamp="18 Apr 2018 12:30:00 GMT" time="15.577" errors="0">
  <testcase name="checkemail_Traditional" time="3.018" classname="AP1_Prod.CheckMail_Prod"/>
  <testcase name="Authentication_Traditional" time="6.427" classname="AP1_Prod.Authentication_Prod"/>
  <testcase name="getprofile_SocialLogin" time="3.004" classname="AP1_Prod.GetProfileUser_Prod"/>
  <testcase name="kuserlogin_SocialLogin" time="3.126" classname="AP1_Prod.KUserLogin_Prod"/>
</testsuite> <!-- Test2 -->
